{
  "0 debug pnpm:scope": {
    "selected": 1
  },
  "1 info pnpm": {
    "err": {
      "name": "Error",
      "message": "not found: io",
      "code": "ENOENT",
      "stack": "Error: not found: io\n    at getNotFoundError (/Users/anoiv/.nvm/versions/node/v14.15.0/pnpm-global/5/node_modules/.pnpm/pnpm@6.26.1/node_modules/pnpm/dist/pnpm.cjs:41491:51)\n    at Function.whichSync [as sync] (/Users/anoiv/.nvm/versions/node/v14.15.0/pnpm-global/5/node_modules/.pnpm/pnpm@6.26.1/node_modules/pnpm/dist/pnpm.cjs:41568:13)\n    at getCommandAbsolutePathSync (/Users/anoiv/.nvm/versions/node/v14.15.0/pnpm-global/5/node_modules/.pnpm/pnpm@6.26.1/node_modules/pnpm/dist/pnpm.cjs:43133:44)\n    at default_1 (/Users/anoiv/.nvm/versions/node/v14.15.0/pnpm-global/5/node_modules/.pnpm/pnpm@6.26.1/node_modules/pnpm/dist/pnpm.cjs:43142:32)\n    at /Users/anoiv/.nvm/versions/node/v14.15.0/pnpm-global/5/node_modules/.pnpm/pnpm@6.26.1/node_modules/pnpm/dist/pnpm.cjs:176198:39"
    }
  },
  "2 error pnpm": {
    "code": "ERR_PNPM_RECURSIVE_EXEC_FIRST_FAIL",
    "prefix": "/Users/anoiv/Workspace/growingio-sdk-docs",
    "err": {
      "name": "pnpm",
      "message": "not found: io",
      "code": "ERR_PNPM_RECURSIVE_EXEC_FIRST_FAIL",
      "stack": "Error: not found: io\n    at getNotFoundError (/Users/anoiv/.nvm/versions/node/v14.15.0/pnpm-global/5/node_modules/.pnpm/pnpm@6.26.1/node_modules/pnpm/dist/pnpm.cjs:41491:51)\n    at Function.whichSync [as sync] (/Users/anoiv/.nvm/versions/node/v14.15.0/pnpm-global/5/node_modules/.pnpm/pnpm@6.26.1/node_modules/pnpm/dist/pnpm.cjs:41568:13)\n    at getCommandAbsolutePathSync (/Users/anoiv/.nvm/versions/node/v14.15.0/pnpm-global/5/node_modules/.pnpm/pnpm@6.26.1/node_modules/pnpm/dist/pnpm.cjs:43133:44)\n    at default_1 (/Users/anoiv/.nvm/versions/node/v14.15.0/pnpm-global/5/node_modules/.pnpm/pnpm@6.26.1/node_modules/pnpm/dist/pnpm.cjs:43142:32)\n    at /Users/anoiv/.nvm/versions/node/v14.15.0/pnpm-global/5/node_modules/.pnpm/pnpm@6.26.1/node_modules/pnpm/dist/pnpm.cjs:176198:39"
    }
  }
}